# JRE version: Java(TM) SE Runtime Environment (8.0_221-b11) (build 1.8.0_221-b11)
# Java VM: Java HotSpot(TM) 64-Bit Server VM (25.221-b11 mixed mode windows-amd64 compressed oops)
Heap:
 PSYoungGen      total 225280K, used 54273K [0x00000000d5d80000, 0x00000000ea800000, 0x0000000100000000)
  eden space 212480K, 19% used [0x00000000d5d80000,0x00000000d86028e8,0x00000000e2d00000)
  from space 12800K, 99% used [0x00000000e2d00000,0x00000000e397dc18,0x00000000e3980000)
  to   space 14848K, 0% used [0x00000000e9980000,0x00000000e9980000,0x00000000ea800000)
 ParOldGen       total 88064K, used 15048K [0x0000000081800000, 0x0000000086e00000, 0x00000000d5d80000)
  object space 88064K, 17% used [0x0000000081800000,0x00000000826b23f8,0x0000000086e00000)
 Metaspace       used 43901K, capacity 45836K, committed 45952K, reserved 1089536K
  class space    used 5535K, capacity 5916K, committed 6016K, reserved 1048576K
GC Heap History (10 events):
Event: 4.124 GC heap before
{Heap before GC invocations=5 (full 1):
 PSYoungGen      total 138240K, used 5089K [0x00000000d5d80000, 0x00000000de980000, 0x0000000100000000)
  eden space 133120K, 0% used [0x00000000d5d80000,0x00000000d5d80000,0x00000000ddf80000)
  from space 5120K, 99% used [0x00000000de480000,0x00000000de978748,0x00000000de980000)
  to   space 5120K, 0% used [0x00000000ddf80000,0x00000000ddf80000,0x00000000de480000)
 ParOldGen       total 87552K, used 6525K [0x0000000081800000, 0x0000000086d80000, 0x00000000d5d80000)
  object space 87552K, 7% used [0x0000000081800000,0x0000000081e5f550,0x0000000086d80000)
 Metaspace       used 20637K, capacity 21178K, committed 21248K, reserved 1067008K
  class space    used 2628K, capacity 2788K, committed 2816K, reserved 1048576K
Event: 4.178 GC heap after
Heap after GC invocations=5 (full 1):
 PSYoungGen      total 138240K, used 0K [0x00000000d5d80000, 0x00000000de980000, 0x0000000100000000)
  eden space 133120K, 0% used [0x00000000d5d80000,0x00000000d5d80000,0x00000000ddf80000)
  from space 5120K, 0% used [0x00000000de480000,0x00000000de480000,0x00000000de980000)
  to   space 5120K, 0% used [0x00000000ddf80000,0x00000000ddf80000,0x00000000de480000)
 ParOldGen       total 55296K, used 6354K [0x0000000081800000, 0x0000000084e00000, 0x00000000d5d80000)
  object space 55296K, 11% used [0x0000000081800000,0x0000000081e34b40,0x0000000084e00000)
 Metaspace       used 20637K, capacity 21178K, committed 21248K, reserved 1067008K
  class space    used 2628K, capacity 2788K, committed 2816K, reserved 1048576K
}
Event: 8.711 GC heap before
{Heap before GC invocations=6 (full 1):
 PSYoungGen      total 138240K, used 133120K [0x00000000d5d80000, 0x00000000de980000, 0x0000000100000000)
  eden space 133120K, 100% used [0x00000000d5d80000,0x00000000ddf80000,0x00000000ddf80000)
  from space 5120K, 0% used [0x00000000de480000,0x00000000de480000,0x00000000de980000)
  to   space 5120K, 0% used [0x00000000ddf80000,0x00000000ddf80000,0x00000000de480000)
 ParOldGen       total 55296K, used 6354K [0x0000000081800000, 0x0000000084e00000, 0x00000000d5d80000)
  object space 55296K, 11% used [0x0000000081800000,0x0000000081e34b40,0x0000000084e00000)
 Metaspace       used 28785K, capacity 29822K, committed 30080K, reserved 1075200K
  class space    used 3662K, capacity 3905K, committed 3968K, reserved 1048576K
Event: 8.732 GC heap after
Heap after GC invocations=6 (full 1):
 PSYoungGen      total 138240K, used 5092K [0x00000000d5d80000, 0x00000000e4800000, 0x0000000100000000)
  eden space 133120K, 0% used [0x00000000d5d80000,0x00000000d5d80000,0x00000000ddf80000)
  from space 5120K, 99% used [0x00000000ddf80000,0x00000000de479050,0x00000000de480000)
  to   space 12288K, 0% used [0x00000000e3c00000,0x00000000e3c00000,0x00000000e4800000)
 ParOldGen       total 55296K, used 12208K [0x0000000081800000, 0x0000000084e00000, 0x00000000d5d80000)
  object space 55296K, 22% used [0x0000000081800000,0x00000000823ec1a8,0x0000000084e00000)
 Metaspace       used 28785K, capacity 29822K, committed 30080K, reserved 1075200K
  class space    used 3662K, capacity 3905K, committed 3968K, reserved 1048576K
}
Event: 12.041 GC heap before
{Heap before GC invocations=7 (full 1):
 PSYoungGen      total 138240K, used 67562K [0x00000000d5d80000, 0x00000000e4800000, 0x0000000100000000)
  eden space 133120K, 46% used [0x00000000d5d80000,0x00000000d9a81808,0x00000000ddf80000)
  from space 5120K, 99% used [0x00000000ddf80000,0x00000000de479050,0x00000000de480000)
  to   space 12288K, 0% used [0x00000000e3c00000,0x00000000e3c00000,0x00000000e4800000)
 ParOldGen       total 55296K, used 12208K [0x0000000081800000, 0x0000000084e00000, 0x00000000d5d80000)
  object space 55296K, 22% used [0x0000000081800000,0x00000000823ec1a8,0x0000000084e00000)
 Metaspace       used 33931K, capacity 35358K, committed 35416K, reserved 1081344K
  class space    used 4291K, capacity 4601K, committed 4608K, reserved 1048576K
Event: 12.057 GC heap after
Heap after GC invocations=7 (full 1):
 PSYoungGen      total 219136K, used 10103K [0x00000000d5d80000, 0x00000000e4600000, 0x0000000100000000)
  eden space 208896K, 0% used [0x00000000d5d80000,0x00000000d5d80000,0x00000000e2980000)
  from space 10240K, 98% used [0x00000000e3c00000,0x00000000e45ddc08,0x00000000e4600000)
  to   space 12800K, 0% used [0x00000000e2d00000,0x00000000e2d00000,0x00000000e3980000)
 ParOldGen       total 55296K, used 12280K [0x0000000081800000, 0x0000000084e00000, 0x00000000d5d80000)
  object space 55296K, 22% used [0x0000000081800000,0x00000000823fe1b8,0x0000000084e00000)
 Metaspace       used 33931K, capacity 35358K, committed 35416K, reserved 1081344K
  class space    used 4291K, capacity 4601K, committed 4608K, reserved 1048576K
}
Event: 12.057 GC heap before
{Heap before GC invocations=8 (full 2):
 PSYoungGen      total 219136K, used 10103K [0x00000000d5d80000, 0x00000000e4600000, 0x0000000100000000)
  eden space 208896K, 0% used [0x00000000d5d80000,0x00000000d5d80000,0x00000000e2980000)
  from space 10240K, 98% used [0x00000000e3c00000,0x00000000e45ddc08,0x00000000e4600000)
  to   space 12800K, 0% used [0x00000000e2d00000,0x00000000e2d00000,0x00000000e3980000)
 ParOldGen       total 55296K, used 12280K [0x0000000081800000, 0x0000000084e00000, 0x00000000d5d80000)
  object space 55296K, 22% used [0x0000000081800000,0x00000000823fe1b8,0x0000000084e00000)
 Metaspace       used 33931K, capacity 35358K, committed 35416K, reserved 1081344K
  class space    used 4291K, capacity 4601K, committed 4608K, reserved 1048576K
Event: 12.208 GC heap after
Heap after GC invocations=8 (full 2):
 PSYoungGen      total 219136K, used 0K [0x00000000d5d80000, 0x00000000e4600000, 0x0000000100000000)
  eden space 208896K, 0% used [0x00000000d5d80000,0x00000000d5d80000,0x00000000e2980000)
  from space 10240K, 0% used [0x00000000e3c00000,0x00000000e3c00000,0x00000000e4600000)
  to   space 12800K, 0% used [0x00000000e2d00000,0x00000000e2d00000,0x00000000e3980000)
 ParOldGen       total 88064K, used 14712K [0x0000000081800000, 0x0000000086e00000, 0x00000000d5d80000)
  object space 88064K, 16% used [0x0000000081800000,0x000000008265e0f0,0x0000000086e00000)
 Metaspace       used 33931K, capacity 35358K, committed 35416K, reserved 1081344K
  class space    used 4291K, capacity 4601K, committed 4608K, reserved 1048576K
}
Event: 16.951 GC heap before
{Heap before GC invocations=9 (full 2):
 PSYoungGen      total 219136K, used 208896K [0x00000000d5d80000, 0x00000000e4600000, 0x0000000100000000)
  eden space 208896K, 100% used [0x00000000d5d80000,0x00000000e2980000,0x00000000e2980000)
  from space 10240K, 0% used [0x00000000e3c00000,0x00000000e3c00000,0x00000000e4600000)
  to   space 12800K, 0% used [0x00000000e2d00000,0x00000000e2d00000,0x00000000e3980000)
 ParOldGen       total 88064K, used 14712K [0x0000000081800000, 0x0000000086e00000, 0x00000000d5d80000)
  object space 88064K, 16% used [0x0000000081800000,0x000000008265e0f0,0x0000000086e00000)
 Metaspace       used 42931K, capacity 44788K, committed 44928K, reserved 1089536K
  class space    used 5396K, capacity 5754K, committed 5760K, reserved 1048576K
Event: 16.988 GC heap after
Heap after GC invocations=9 (full 2):
 PSYoungGen      total 225280K, used 12791K [0x00000000d5d80000, 0x00000000ea800000, 0x0000000100000000)
  eden space 212480K, 0% used [0x00000000d5d80000,0x00000000d5d80000,0x00000000e2d00000)
  from space 12800K, 99% used [0x00000000e2d00000,0x00000000e397dc18,0x00000000e3980000)
  to   space 14848K, 0% used [0x00000000e9980000,0x00000000e9980000,0x00000000ea800000)
 ParOldGen       total 88064K, used 15048K [0x0000000081800000, 0x0000000086e00000, 0x00000000d5d80000)
  object space 88064K, 17% used [0x0000000081800000,0x00000000826b23f8,0x0000000086e00000)
 Metaspace       used 42931K, capacity 44788K, committed 44928K, reserved 1089536K
  class space    used 5396K, capacity 5754K, committed 5760K, reserved 1048576K
}

